2025-08-12 18:00:36 PURCHASE book_id=BK102 price=6.37 customer="Evan Brooks"
2025-08-12 18:00:37 PURCHASE book_id=BK107 price=20.47 customer="Alice Johnson"
2025-08-12 18:00:38 REFUND book_id=BK107 price=4.48 customer="Bob Lee"
2025-08-12 18:00:38 PURCHASE book_id=BK109 price=19.95 customer="Dina Patel"
2025-08-12 18:00:39 REFUND book_id=BK105 price=2.36 customer="Alice Johnson"
2025-08-12 18:00:40 PURCHASE book_id=BK100 price=12.90 customer="Evan Brooks"
2025-08-12 18:00:40 PURCHASE book_id=BK108 price=18.56 customer="Alice Johnson"
2025-08-12 18:00:41 REFUND book_id=BK102 price=5.11 customer="Chen Wu"
2025-08-12 18:00:42 PURCHASE book_id=BK103 price=34.14 customer="Chen Wu"
2025-08-12 18:00:42 REFUND book_id=BK102 price=9.86 customer="Chen Wu"
2025-08-12 18:00:43 REFUND book_id=BK101 price=3.65 customer="Evan Brooks"
2025-08-12 18:00:44 PURCHASE book_id=BK109 price=21.88 customer="Evan Brooks"
2025-08-12 18:00:45 REFUND book_id=BK107 price=4.35 customer="Chen Wu"
2025-08-12 18:00:45 REFUND book_id=BK105 price=2.84 customer="Chen Wu"
2025-08-12 18:00:46 PURCHASE book_id=BK108 price=5.24 customer="Chen Wu"
2025-08-12 18:00:47 PURCHASE book_id=BK106 price=21.50 customer="Alice Johnson"
2025-08-12 18:00:47 REFUND book_id=BK107 price=5.06 customer="Alice Johnson"
2025-08-12 18:00:48 REFUND book_id=BK108 price=4.93 customer="Evan Brooks"
2025-08-12 18:00:49 REFUND book_id=BK104 price=5.85 customer="Alice Johnson"
2025-08-12 18:00:50 PURCHASE book_id=BK108 price=14.51 customer="Alice Johnson"
2025-08-12 18:00:50 REFUND book_id=BK107 price=8.44 customer="Evan Brooks"
2025-08-12 18:00:51 REFUND book_id=BK105 price=9.02 customer="Dina Patel"
2025-08-12 18:00:52 REFUND book_id=BK106 price=1.16 customer="Bob Lee"
2025-08-12 18:00:52 REFUND book_id=BK103 price=7.82 customer="Chen Wu"
2025-08-12 18:00:53 PURCHASE book_id=BK103 price=33.29 customer="Dina Patel"
2025-08-12 18:00:54 PURCHASE book_id=BK103 price=12.35 customer="Bob Lee"
2025-08-12 18:00:54 REFUND book_id=BK104 price=6.09 customer="Alice Johnson"
2025-08-12 18:00:55 PURCHASE book_id=BK102 price=5.13 customer="Chen Wu"
2025-08-12 18:00:56 REFUND book_id=BK102 price=9.91 customer="Alice Johnson"
2025-08-12 18:00:57 REFUND book_id=BK100 price=5.54 customer="Bob Lee"
